Traceback (most recent call last):
  File "/opt/hostedtoolcache/Python/3.10.1/x64/lib/python3.10/site-packages/jupyter_cache/executors/utils.py", line 51, in single_nb_execution
    executenb(
  File "/opt/hostedtoolcache/Python/3.10.1/x64/lib/python3.10/site-packages/nbclient/client.py", line 1093, in execute
    return NotebookClient(nb=nb, resources=resources, km=km, **kwargs).execute()
  File "/opt/hostedtoolcache/Python/3.10.1/x64/lib/python3.10/site-packages/nbclient/util.py", line 84, in wrapped
    return just_run(coro(*args, **kwargs))
  File "/opt/hostedtoolcache/Python/3.10.1/x64/lib/python3.10/site-packages/nbclient/util.py", line 62, in just_run
    return loop.run_until_complete(coro)
  File "/opt/hostedtoolcache/Python/3.10.1/x64/lib/python3.10/asyncio/base_events.py", line 641, in run_until_complete
    return future.result()
  File "/opt/hostedtoolcache/Python/3.10.1/x64/lib/python3.10/site-packages/nbclient/client.py", line 559, in async_execute
    await self.async_execute_cell(
  File "/opt/hostedtoolcache/Python/3.10.1/x64/lib/python3.10/site-packages/nbclient/client.py", line 854, in async_execute_cell
    self._check_raise_for_error(cell, exec_reply)
  File "/opt/hostedtoolcache/Python/3.10.1/x64/lib/python3.10/site-packages/nbclient/client.py", line 756, in _check_raise_for_error
    raise CellExecutionError.from_cell_and_msg(cell, exec_reply_content)
nbclient.exceptions.CellExecutionError: An error occurred while executing the following cell:
------------------
main()
------------------

[0;31m---------------------------------------------------------------------------[0m
[0;31mStdinNotImplementedError[0m                  Traceback (most recent call last)
Input [0;32mIn [12][0m, in [0;36m<module>[0;34m[0m
[0;32m----> 1[0m [43mmain[49m[43m([49m[43m)[49m

Input [0;32mIn [11][0m, in [0;36mmain[0;34m()[0m
[1;32m      1[0m [38;5;28;01mdef[39;00m [38;5;21mmain[39m():
[0;32m----> 2[0m     meters [38;5;241m=[39m [38;5;28;43minput[39;49m[43m([49m[38;5;124;43m"[39;49m[38;5;124;43mHow many m?[39;49m[38;5;124;43m"[39;49m[43m)[49m
[1;32m      3[0m     cm [38;5;241m=[39m meters [38;5;241m*[39m [38;5;241m100[39m
[1;32m      4[0m     [38;5;28mprint[39m([38;5;124m"[39m[38;5;124mThat is[39m[38;5;124m"[39m, cm, [38;5;124m"[39m[38;5;124mcentimeter.[39m[38;5;124m"[39m)

File [0;32m/opt/hostedtoolcache/Python/3.10.1/x64/lib/python3.10/site-packages/ipykernel/kernelbase.py:1004[0m, in [0;36mKernel.raw_input[0;34m(self, prompt)[0m
[1;32m    997[0m [38;5;124;03m"""Forward raw_input to frontends[39;00m
[1;32m    998[0m 
[1;32m    999[0m [38;5;124;03mRaises[39;00m
[1;32m   1000[0m [38;5;124;03m------[39;00m
[1;32m   1001[0m [38;5;124;03mStdinNotImplementedError if active frontend doesn't support stdin.[39;00m
[1;32m   1002[0m [38;5;124;03m"""[39;00m
[1;32m   1003[0m [38;5;28;01mif[39;00m [38;5;129;01mnot[39;00m [38;5;28mself[39m[38;5;241m.[39m_allow_stdin:
[0;32m-> 1004[0m     [38;5;28;01mraise[39;00m StdinNotImplementedError(
[1;32m   1005[0m         [38;5;124m"[39m[38;5;124mraw_input was called, but this frontend does not support input requests.[39m[38;5;124m"[39m
[1;32m   1006[0m     )
[1;32m   1007[0m [38;5;28;01mreturn[39;00m [38;5;28mself[39m[38;5;241m.[39m_input_request(
[1;32m   1008[0m     [38;5;28mstr[39m(prompt),
[1;32m   1009[0m     [38;5;28mself[39m[38;5;241m.[39m_parent_ident[[38;5;124m"[39m[38;5;124mshell[39m[38;5;124m"[39m],
[1;32m   1010[0m     [38;5;28mself[39m[38;5;241m.[39mget_parent([38;5;124m"[39m[38;5;124mshell[39m[38;5;124m"[39m),
[1;32m   1011[0m     password[38;5;241m=[39m[38;5;28;01mFalse[39;00m,
[1;32m   1012[0m )

[0;31mStdinNotImplementedError[0m: raw_input was called, but this frontend does not support input requests.
StdinNotImplementedError: raw_input was called, but this frontend does not support input requests.

