Traceback (most recent call last):
  File "/opt/hostedtoolcache/Python/3.11.10/x64/lib/python3.11/site-packages/jupyter_cache/executors/utils.py", line 58, in single_nb_execution
    executenb(
  File "/opt/hostedtoolcache/Python/3.11.10/x64/lib/python3.11/site-packages/nbclient/client.py", line 1314, in execute
    return NotebookClient(nb=nb, resources=resources, km=km, **kwargs).execute()
           ^^^^^^^^^^^^^^^^^^^^^^^^^^^^^^^^^^^^^^^^^^^^^^^^^^^^^^^^^^^^^^^^^^^^^
  File "/opt/hostedtoolcache/Python/3.11.10/x64/lib/python3.11/site-packages/jupyter_core/utils/__init__.py", line 165, in wrapped
    return loop.run_until_complete(inner)
           ^^^^^^^^^^^^^^^^^^^^^^^^^^^^^^
  File "/opt/hostedtoolcache/Python/3.11.10/x64/lib/python3.11/asyncio/base_events.py", line 654, in run_until_complete
    return future.result()
           ^^^^^^^^^^^^^^^
  File "/opt/hostedtoolcache/Python/3.11.10/x64/lib/python3.11/site-packages/nbclient/client.py", line 709, in async_execute
    await self.async_execute_cell(
  File "/opt/hostedtoolcache/Python/3.11.10/x64/lib/python3.11/site-packages/nbclient/client.py", line 1062, in async_execute_cell
    await self._check_raise_for_error(cell, cell_index, exec_reply)
  File "/opt/hostedtoolcache/Python/3.11.10/x64/lib/python3.11/site-packages/nbclient/client.py", line 918, in _check_raise_for_error
    raise CellExecutionError.from_cell_and_msg(cell, exec_reply_content)
nbclient.exceptions.CellExecutionError: An error occurred while executing the following cell:
------------------
def max_freq_letter(z):
    """
    functie max_freq_letter(z) accepteert een string z . 
    Deze functie moet het karakter in z teruggeven met de hoogste frequentie.
    """
    result = "" # resultaat moet een string zijn
    max_let = 0 # huidige maximum
    for x in z: # ga alle characters in de zin langs
        count = count_char(z, x)    # tel hoevaak x voorkomt in z
        if count > max_let: #Komt x meer voor dan de huidige 'winnaar'
            max_let = count #Zo ja, vervang met nieuwe aantal
            result = x  # vervang 'winaar'met nieuwe x
    return result    #geef resultaat terug. 

assert max_freq_letter("testing") == "t"
assert max_freq_letter("ditiseentest") == "e" 
assert max_freq_letter("hottentotten") == "5"

------------------


[0;31m---------------------------------------------------------------------------[0m
[0;31mAssertionError[0m                            Traceback (most recent call last)
Cell [0;32mIn[7], line 16[0m
[1;32m     13[0m     [38;5;28;01mreturn[39;00m result    [38;5;66;03m#geef resultaat terug. [39;00m
[1;32m     15[0m [38;5;28;01massert[39;00m max_freq_letter([38;5;124m"[39m[38;5;124mtesting[39m[38;5;124m"[39m) [38;5;241m==[39m [38;5;124m"[39m[38;5;124mt[39m[38;5;124m"[39m
[0;32m---> 16[0m [38;5;28;01massert[39;00m max_freq_letter([38;5;124m"[39m[38;5;124mditiseentest[39m[38;5;124m"[39m) [38;5;241m==[39m [38;5;124m"[39m[38;5;124me[39m[38;5;124m"[39m 
[1;32m     17[0m [38;5;28;01massert[39;00m max_freq_letter([38;5;124m"[39m[38;5;124mhottentotten[39m[38;5;124m"[39m) [38;5;241m==[39m [38;5;124m"[39m[38;5;124m5[39m[38;5;124m"[39m

[0;31mAssertionError[0m: 

